<?xml version="1.0" encoding="UTF-8"?>
<!-- Generated by org.testng.reporters.JUnitXMLReporter -->
<testsuite ignored="0" hostname="DESKTOP-E80DE1T" failures="1" tests="2" name="Test" time="9.305" errors="0" timestamp="2021-10-27T14:51:01 IST">
  <testcase classname="com.demo.allureTest.SeleniumTest" name="screenShotTest" time="0.911"/>
  <testcase classname="com.demo.allureTest.SeleniumTest" name="screenShotTest_2" time="0.011">
    <failure type="java.lang.AssertionError" message="null">
      <![CDATA[java.lang.AssertionError: null
at com.demo.allureTest.SeleniumTest.screenShotTest_2(SeleniumTest.java:49)
at java.base/java.util.ArrayList.forEach(ArrayList.java:1511)
... Removed 29 stack frames]]>
    </failure>
  </testcase> <!-- screenShotTest_2 -->
</testsuite> <!-- Test -->
